Unity Editor version:    2021.3.23f1 (213b516bf396)
Branch:                  2021.3/staging
Build type:              Release
Batch mode:              YES
macOS version:           Version 13.3.1 (Build 22E261)
Darwin version:          22.4.0
Architecture:            arm64
Running under Rosetta:   NO
Available memory:        32768 MB
Using pre-set license
Pro License: YES

COMMAND LINE ARGUMENTS:
/Applications/Unity/Hub/Editor/2021.3.23f1/Unity.app/Contents/MacOS/Unity
-adb2
-batchMode
-noUpm
-name
AssetImportWorker0
-projectPath
/Users/x/Unity/Channer
-logFile
Logs/AssetImportWorker0.log
-srvPort
56293
Successfully changed project path to: /Users/x/Unity/Channer
/Users/x/Unity/Channer
[UnityMemory] Configuration Parameters - Can be set up in boot.config
    "memorysetup-bucket-allocator-granularity=16"
    "memorysetup-bucket-allocator-bucket-count=8"
    "memorysetup-bucket-allocator-block-size=33554432"
    "memorysetup-bucket-allocator-block-count=8"
    "memorysetup-main-allocator-block-size=16777216"
    "memorysetup-thread-allocator-block-size=16777216"
    "memorysetup-gfx-main-allocator-block-size=16777216"
    "memorysetup-gfx-thread-allocator-block-size=16777216"
    "memorysetup-cache-allocator-block-size=4194304"
    "memorysetup-typetree-allocator-block-size=2097152"
    "memorysetup-profiler-bucket-allocator-granularity=16"
    "memorysetup-profiler-bucket-allocator-bucket-count=8"
    "memorysetup-profiler-bucket-allocator-block-size=33554432"
    "memorysetup-profiler-bucket-allocator-block-count=8"
    "memorysetup-profiler-allocator-block-size=16777216"
    "memorysetup-profiler-editor-allocator-block-size=1048576"
    "memorysetup-temp-allocator-size-main=16777216"
    "memorysetup-job-temp-allocator-block-size=2097152"
    "memorysetup-job-temp-allocator-block-size-background=1048576"
    "memorysetup-job-temp-allocator-reduction-small-platforms=262144"
    "memorysetup-temp-allocator-size-background-worker=32768"
    "memorysetup-temp-allocator-size-job-worker=262144"
    "memorysetup-temp-allocator-size-preload-manager=33554432"
    "memorysetup-temp-allocator-size-nav-mesh-worker=65536"
    "memorysetup-temp-allocator-size-audio-worker=65536"
    "memorysetup-temp-allocator-size-cloud-worker=32768"
    "memorysetup-temp-allocator-size-gi-baking-worker=262144"
    "memorysetup-temp-allocator-size-gfx=262144"
Player connection [8072649536] Host "[IP] 192.168.1.72 [Port] 0 [Flags] 2 [Guid] 3664096404 [EditorId] 3664096404 [Version] 1048832 [Id] OSXEditor(0,xs-Mac-Studio.local) [Debug] 1 [PackageName] OSXEditor [ProjectName] Editor" joined multi-casting on [225.0.0.222:54997]...

Player connection [8072649536] Host "[IP] 192.168.1.72 [Port] 0 [Flags] 2 [Guid] 3664096404 [EditorId] 3664096404 [Version] 1048832 [Id] OSXEditor(0,xs-Mac-Studio.local) [Debug] 1 [PackageName] OSXEditor [ProjectName] Editor" joined alternative multi-casting on [225.0.0.222:34997]...

Refreshing native plugins compatible for Editor in 142.41 ms, found 4 plugins.
Preloading 1 native plugins for Editor in 5.44 ms.
Initialize engine version: 2021.3.23f1 (213b516bf396)
[Subsystems] Discovering subsystems at path /Applications/Unity/Hub/Editor/2021.3.23f1/Unity.app/Contents/Resources/UnitySubsystems
[Subsystems] Discovering subsystems at path /Users/x/Unity/Channer/Assets
GfxDevice: creating device client; threaded=0; jobified=0
 preferred device: Apple M1 Max (high power)
Metal devices available: 1
0: Apple M1 Max (high power)
Using device Apple M1 Max (high power)
Initializing Metal device caps: Apple M1 Max
Shader 'Oculus/OVRMRCameraFrameLit': fallback shader 'Alpha-Diffuse' not found
Initialize mono
Mono path[0] = '/Applications/Unity/Hub/Editor/2021.3.23f1/Unity.app/Contents/Managed'
Mono path[1] = '/Applications/Unity/Hub/Editor/2021.3.23f1/Unity.app/Contents/MonoBleedingEdge/lib/mono/unityjit-macos'
Mono config path = '/Applications/Unity/Hub/Editor/2021.3.23f1/Unity.app/Contents/MonoBleedingEdge/etc'
Using monoOptions --debugger-agent=transport=dt_socket,embedding=1,server=y,suspend=n,address=127.0.0.1:56189
Begin MonoManager ReloadAssembly
Registering precompiled unity dll's ...
Register platform support module: /Applications/Unity/Hub/Editor/2021.3.23f1/Unity.app/Contents/PlaybackEngines/MacStandaloneSupport/UnityEditor.OSXStandalone.Extensions.dll
Register platform support module: /Applications/Unity/Hub/Editor/2021.3.23f1/PlaybackEngines/AndroidPlayer/UnityEditor.Android.Extensions.dll
Registered in 0.002436 seconds.
Native extension for Android target not found
Android Extension - Scanning For ADB Devices 75 ms
Native extension for OSXStandalone target not found
Refreshing native plugins compatible for Editor in 119.56 ms, found 4 plugins.
Preloading 1 native plugins for Editor in 0.84 ms.
Mono: successfully reloaded assembly
- Completed reload, in  0.601 seconds
Domain Reload Profiling:
	ReloadAssembly (601ms)
		BeginReloadAssembly (79ms)
			ExecutionOrderSort (0ms)
			DisableScriptedObjects (0ms)
			BackupInstance (0ms)
			ReleaseScriptingObjects (0ms)
			CreateAndSetChildDomain (0ms)
		EndReloadAssembly (457ms)
			LoadAssemblies (79ms)
			RebuildTransferFunctionScriptingTraits (0ms)
			SetupTypeCache (79ms)
			ReleaseScriptCaches (0ms)
			RebuildScriptCaches (19ms)
			SetupLoadedEditorAssemblies (331ms)
				LogAssemblyErrors (0ms)
				InitializePlatformSupportModulesInManaged (140ms)
				SetLoadedEditorAssemblies (0ms)
				RefreshPlugins (120ms)
				BeforeProcessingInitializeOnLoad (1ms)
				ProcessInitializeOnLoadAttributes (45ms)
				ProcessInitializeOnLoadMethodAttributes (25ms)
				AfterProcessingInitializeOnLoad (0ms)
				EditorAssembliesLoaded (0ms)
			ExecutionOrderSort2 (0ms)
			AwakeInstancesAfterBackupRestoration (0ms)
Platform modules already initialized, skipping
Registering precompiled user dll's ...
Registered in 0.024713 seconds.
Begin MonoManager ReloadAssembly
Symbol file LoadedFromMemory doesn't match image /Users/x/Unity/Channer/Library/PackageCache/com.unity.visualscripting@1.8.0/Editor/VisualScripting.Core/Dependencies/DotNetZip/Unity.VisualScripting.IonicZip.dll
Symbol file LoadedFromMemory doesn't match image /Users/x/Unity/Channer/Library/PackageCache/com.unity.visualscripting@1.8.0/Editor/VisualScripting.Core/Dependencies/YamlDotNet/Unity.VisualScripting.YamlDotNet.dll
Native extension for Android target not found
Native extension for OSXStandalone target not found
Refreshing native plugins compatible for Editor in 117.80 ms, found 4 plugins.
Preloading 1 native plugins for Editor in 0.75 ms.
Package Manager log level set to [2]
DisplayProgressbar: Restoring NuGet Packages
[Package Manager] Server::EnsureServerProcessIsRunning -- launch failed, reason: Unity was launched with the -noUpm command-line argument
[Package Manager] Cannot connect to Unity Package Manager local server
Mono: successfully reloaded assembly
- Completed reload, in  1.435 seconds
Domain Reload Profiling:
	ReloadAssembly (1435ms)
		BeginReloadAssembly (99ms)
			ExecutionOrderSort (0ms)
			DisableScriptedObjects (3ms)
			BackupInstance (0ms)
			ReleaseScriptingObjects (0ms)
			CreateAndSetChildDomain (16ms)
		EndReloadAssembly (1268ms)
			LoadAssemblies (162ms)
			RebuildTransferFunctionScriptingTraits (0ms)
			SetupTypeCache (231ms)
			ReleaseScriptCaches (1ms)
			RebuildScriptCaches (63ms)
			SetupLoadedEditorAssemblies (789ms)
				LogAssemblyErrors (0ms)
				InitializePlatformSupportModulesInManaged (9ms)
				SetLoadedEditorAssemblies (0ms)
				RefreshPlugins (119ms)
				BeforeProcessingInitializeOnLoad (77ms)
				ProcessInitializeOnLoadAttributes (562ms)
				ProcessInitializeOnLoadMethodAttributes (21ms)
				AfterProcessingInitializeOnLoad (1ms)
				EditorAssembliesLoaded (0ms)
			ExecutionOrderSort2 (0ms)
			AwakeInstancesAfterBackupRestoration (2ms)
Platform modules already initialized, skipping
========================================================================
Worker process is ready to serve import requests
Shader 'Oculus/OVRMRCameraFrameLit': fallback shader 'Alpha-Diffuse' not found
Launching external process: /Applications/Unity/Hub/Editor/2021.3.23f1/Unity.app/Contents/Tools/UnityShaderCompiler
Launched and connected shader compiler UnityShaderCompiler after 0.05 seconds
Refreshing native plugins compatible for Editor in 1.06 ms, found 4 plugins.
Preloading 1 native plugins for Editor in 0.63 ms.
Unloading 5987 Unused Serialized files (Serialized files now loaded: 0)
Unloading 87 unused Assets / (0.7 MB). Loaded Objects now: 6427.
Memory consumption went from 217.8 MB to 217.1 MB.
Total: 3.126584 ms (FindLiveObjects: 0.201375 ms CreateObjectMapping: 0.069750 ms MarkObjects: 2.731542 ms  DeleteObjects: 0.123292 ms)

AssetImportParameters requested are different than current active one (requested -> active):
  custom:video-decoder-ogg-theora: a1e56fd34408186e4bbccfd4996cb3dc -> 
  custom:container-muxer-webm: aa71ff27fc2769a1b78a27578f13a17b -> 
  custom:container-demuxer-webm: 4f35f7cbe854078d1ac9338744f61a02 -> 
  custom:video-encoder-webm-vp8: eb34c28f22e8b96e1ab97ce403110664 -> 
  custom:framework-osx-AVFoundation: e770b220cccbd017edd2c1fefb359320 -> 
  custom:audio-encoder-webm-vorbis: bf7c407c2cedff20999df2af8eb42d56 -> 
  custom:container-demuxer-ogg: 62fdf1f143b41e24485cea50d1cbac27 -> 
  custom:video-decoder-webm-vp8: 9c59270c3fd7afecdb556c50c9e8de78 -> 
  custom:audio-decoder-ogg-vorbis: bf7c407c2cedff20999df2af8eb42d56 -> 
========================================================================
Received Import Request.
  Time since last request: 17431.955576 seconds.
  path: Assets/threadSlot1.png
  artifactKey: Guid(3ed37fe8e5fdf42a48ee43b7bbad9ab1) Importer(815301076,1909f56bfc062723c751e8b465ee728b)
Start importing Assets/threadSlot1.png using Guid(3ed37fe8e5fdf42a48ee43b7bbad9ab1) Importer(815301076,1909f56bfc062723c751e8b465ee728b)  -> (artifact id: '2e41a08b7fd71f0227d68244dfce192a') in 0.117293 seconds 
========================================================================
Received Import Request.
  Time since last request: 0.000061 seconds.
  path: Assets/threadSlot5.png
  artifactKey: Guid(62c0a9f1e6933454f996d7ca7de0eb3e) Importer(815301076,1909f56bfc062723c751e8b465ee728b)
Start importing Assets/threadSlot5.png using Guid(62c0a9f1e6933454f996d7ca7de0eb3e) Importer(815301076,1909f56bfc062723c751e8b465ee728b)  -> (artifact id: '675b40eb9d26bad3e37ba6bac7ddd4d7') in 0.032429 seconds 
========================================================================
Received Import Request.
  Time since last request: 0.000075 seconds.
  path: Assets/threadSlot4.png
  artifactKey: Guid(30fab6403e4b74bc29edca8f4e499d24) Importer(815301076,1909f56bfc062723c751e8b465ee728b)
Start importing Assets/threadSlot4.png using Guid(30fab6403e4b74bc29edca8f4e499d24) Importer(815301076,1909f56bfc062723c751e8b465ee728b)  -> (artifact id: '5c4020434814ee5690e1aa2b7c080abf') in 0.034431 seconds 
========================================================================
Received Import Request.
  Time since last request: 17.728872 seconds.
  path: Assets/Channer/1668058538253456.jpg
  artifactKey: Guid(2a732e8aaca114978aebd88eb94ee7a8) Importer(815301076,1909f56bfc062723c751e8b465ee728b)
Start importing Assets/Channer/1668058538253456.jpg using Guid(2a732e8aaca114978aebd88eb94ee7a8) Importer(815301076,1909f56bfc062723c751e8b465ee728b)  -> (artifact id: 'c11907fadfacf60bfc982f6ae5b91479') in 0.570864 seconds 
========================================================================
Received Import Request.
  Time since last request: 9.912399 seconds.
  path: Assets/Channer/BackButton.png
  artifactKey: Guid(39f784eb18b71496fa71560687b6fbdb) Importer(815301076,1909f56bfc062723c751e8b465ee728b)
Start importing Assets/Channer/BackButton.png using Guid(39f784eb18b71496fa71560687b6fbdb) Importer(815301076,1909f56bfc062723c751e8b465ee728b)  -> (artifact id: '71dd7b83ff423209b63126195c85b380') in 0.041194 seconds 
========================================================================
Received Import Request.
  Time since last request: 0.000047 seconds.
  path: Assets/Channer/threadBoxSmall.png
  artifactKey: Guid(8921a1ce2773a4455922d971be4a9a8f) Importer(815301076,1909f56bfc062723c751e8b465ee728b)
Start importing Assets/Channer/threadBoxSmall.png using Guid(8921a1ce2773a4455922d971be4a9a8f) Importer(815301076,1909f56bfc062723c751e8b465ee728b)  -> (artifact id: '34c5e9f415ea9bc4cf0f2a3ca339e517') in 0.013543 seconds 
========================================================================
Received Import Request.
  Time since last request: 0.000043 seconds.
  path: Assets/Channer/RefreshButton.png
  artifactKey: Guid(5cfcdd54dca1d4c10957cb1226d76251) Importer(815301076,1909f56bfc062723c751e8b465ee728b)
Start importing Assets/Channer/RefreshButton.png using Guid(5cfcdd54dca1d4c10957cb1226d76251) Importer(815301076,1909f56bfc062723c751e8b465ee728b)  -> (artifact id: '231bf75f930185b693a840f30eff4600') in 0.024113 seconds 
========================================================================
Received Import Request.
  Time since last request: 0.000058 seconds.
  path: Assets/Channer/thread.png
  artifactKey: Guid(dd6a371a7428848e9a0480f43f1bc2fd) Importer(815301076,1909f56bfc062723c751e8b465ee728b)
Start importing Assets/Channer/thread.png using Guid(dd6a371a7428848e9a0480f43f1bc2fd) Importer(815301076,1909f56bfc062723c751e8b465ee728b)  -> (artifact id: 'db2459d57af68c8479df59b8083289e3') in 0.054050 seconds 
========================================================================
Received Import Request.
  Time since last request: 0.000050 seconds.
  path: Assets/Channer/monofonto rg.otf
  artifactKey: Guid(e07ddce0904944e68834be6f6559c176) Importer(815301076,1909f56bfc062723c751e8b465ee728b)
Start importing Assets/Channer/monofonto rg.otf using Guid(e07ddce0904944e68834be6f6559c176) Importer(815301076,1909f56bfc062723c751e8b465ee728b)  -> (artifact id: '3abc48a6c247dabcad64eb163551f828') in 1.365055 seconds 
========================================================================
Received Import Request.
  Time since last request: 8.586998 seconds.
  path: Assets/ExampleAssets
  artifactKey: Guid(83b7bbecd9fac4db9824039903a1eea8) Importer(815301076,1909f56bfc062723c751e8b465ee728b)
Start importing Assets/ExampleAssets using Guid(83b7bbecd9fac4db9824039903a1eea8) Importer(815301076,1909f56bfc062723c751e8b465ee728b)  -> (artifact id: '7e87ec44381814a26b24ab8af8480de6') in 0.004088 seconds 
========================================================================
Received Import Request.
  Time since last request: 1.575153 seconds.
  path: Assets/ExampleAssets/Materials
  artifactKey: Guid(7e2c000a47cf74a35ba28043f5839c1e) Importer(815301076,1909f56bfc062723c751e8b465ee728b)
Start importing Assets/ExampleAssets/Materials using Guid(7e2c000a47cf74a35ba28043f5839c1e) Importer(815301076,1909f56bfc062723c751e8b465ee728b)  -> (artifact id: 'f4a69abcc307f7b56fffddadefc993d4') in 0.003522 seconds 
